<?xml version="1.0" encoding="UTF-8"?>
<beans xmlns="http://www.springframework.org/schema/beans"
       xmlns:xsi="http://www.w3.org/2001/XMLSchema-instance"
       xsi:schemaLocation="http://www.springframework.org/schema/beans
       http://www.springframework.org/schema/beans/spring-beans.xsd">

    <bean id="productDtoDAO" class="com.epam.courses.warehouse.dao.ProductDtoDAOJdbc">
        <constructor-arg ref="jdbcTemplate"/>
    </bean>

    <bean id="productRecordDAO" class="com.epam.courses.warehouse.dao.ProductRecordDAOJdbc">
        <constructor-arg ref="jdbcTemplate"/>
    </bean>

    <bean id="productDAOJdbcMsql" class="com.epam.courses.warehouse.dao.ProductDAOJdbc">
        <constructor-arg ref="jdbcTemplate"/>
        <constructor-arg ref="productRowMapper"/>
    </bean>

    <bean id="productRecordDtoDAO" class="com.epam.courses.warehouse.dao.ProductRecordDtoDAOJdbc">
        <constructor-arg ref="jdbcTemplate"/>
        <constructor-arg ref="productRecordDtoRowMapper"/>
    </bean>

    <bean id="productRecordDtoRowMapper" class="com.epam.courses.warehouse.dao.rowMapper.ProductRecordDtoRowMapper"/>

    <bean id="productRowMapper" class="com.epam.courses.warehouse.dao.rowMapper.ProductRowMapper"/>

    <bean id="jdbcTemplate" class="org.springframework.jdbc.core.namedparam.NamedParameterJdbcTemplate">
        <constructor-arg ref="dataSource"/>
    </bean>

</beans>