<?xml version="1.0" encoding="UTF-8"?>
<beans xmlns="http://www.springframework.org/schema/beans"
       xmlns:xsi="http://www.w3.org/2001/XMLSchema-instance"
       xmlns:jdbc="http://www.springframework.org/schema/jdbc"
       xsi:schemaLocation="http://www.springframework.org/schema/beans
       http://www.springframework.org/schema/beans/spring-beans.xsd
       http://www.springframework.org/schema/jdbc
       http://www.springframework.org/schema/jdbc/spring-jdbc.xsd">

    <bean id="productRecordDAO" class="com.epam.courses.warehouse.dao.ProductRecordDAOJdbcMsql">
        <constructor-arg ref="jdbcTemplate"/>
    </bean>

    <bean id="productDAOJdbcMsql" class="com.epam.courses.warehouse.dao.ProductDAOJdbcMsql">
        <constructor-arg ref="jdbcTemplate"/>
        <constructor-arg ref="productRowMapper"/>
    </bean>

    <bean id="productRecordDtoDAO" class="com.epam.courses.warehouse.dao.ProductRecordDtoDAOJdbcMsql">
        <constructor-arg ref="jdbcTemplate"/>
        <constructor-arg ref="productRecordDtoRowMapper"/>
    </bean>

    <bean id="productRecordDtoRowMapper" class="com.epam.courses.warehouse.dao.rowMapper.ProductRecordDtoRowMapper"/>

    <bean id="productRowMapper" class="com.epam.courses.warehouse.dao.rowMapper.ProductRowMapper"/>

    <bean id="jdbcTemplate" class="org.springframework.jdbc.core.namedparam.NamedParameterJdbcTemplate">
        <constructor-arg ref="dataSource"/>
    </bean>

</beans>